<?xml version="1.0" encoding="UTF-8"?>
<beans xmlns="http://www.springframework.org/schema/beans"
       xmlns:xsi="http://www.w3.org/2001/XMLSchema-instance"
       xmlns:aop="http://www.springframework.org/schema/aop"
       xsi:schemaLocation="http://www.springframework.org/schema/beans http://www.springframework.org/schema/beans/spring-beans.xsd
                           http://www.springframework.org/schema/aop http://www.springframework.org/schema/aop/spring-aop-3.0.xsd"
>
    <bean class="org.springframework.aop.framework.autoproxy.DefaultAdvisorAutoProxyCreator"/>


    <bean id="transactionAdvice" class="TransactionAdvice">
        <property name="transactionManager" ref="transactionManager"/>
    </bean>
    <!--<bean id="transactionPointcut" class="NameMatchClassMethodPointcut">
        <property name="mappedClassName" value="*ServiceImpl"/>
        <property name="mappedName" value="upgrade*"/>
    </bean>-->

    <!--<bean id="transactionPointcut" class="org.springframework.aop.aspectj.AspectJExpressionPointcut">
        <property name="expression" value="execution(* *..*ServiceImpl.upgrade*(..))"/>
        &lt;!&ndash;<property name="expression" value="execution(* *..*TestUserServiceImpl.upgrade*(..))"/>&ndash;&gt;
    </bean>-->
    <aop:config>
        <aop:pointcut id="transactionPointcut" expression="execution(* *..*ServiceImpl.upgrade*(..))"/>
        <aop:advisor advice-ref="transactionAdvice" pointcut-ref="transactionPointcut"/>
    </aop:config>

    <bean id="transactionAdvisor" class="org.springframework.aop.support.DefaultPointcutAdvisor">
        <property name="advice" ref="transactionAdvice"/>
        <property name="pointcut" ref="transactionPointcut"/>
    </bean>
    <bean id="testUserService" class="TestUserServiceImpl" parent="userService"/>
    <bean id="userService" class="UserServiceImpl">
        <property name="userDao" ref="userDao"/>
        <property name="userLevelUpgradePolicy" ref="userLevelUpgradePolicy"/>
    </bean>

    <bean id="transactionManager" class="org.springframework.jdbc.datasource.DataSourceTransactionManager">
        <property name="dataSource" ref="dataSource"/>
    </bean>


    <bean id="dataSource"
          class="org.springframework.jdbc.datasource.SimpleDriverDataSource">
        <property name="driverClass" value="com.mysql.jdbc.Driver"/>
        <property name="url" value="jdbc:mysql://localhost/testdb"/>
        <property name="username" value="com"/>
        <property name="password" value="com01"/>

    </bean>

    <bean id="userLevelUpgradePolicy" class="UserLevelUpgradePolicyImpl">
        <property name="userDao" ref="userDao"/>
        <property name="mailSender" ref="mailSender"/>
    </bean>
    <bean id="mailSender" class="DummyMailSender">
    </bean>


    <bean id="userDao" class="UserDaoJdbc">
        <property name="dataSource" ref="dataSource"/>

    </bean>

</beans>